2020-12-14 14:16:10.8360 INFO Validating the User in Login Controller
2020-12-14 14:16:11.7342 INFO Log in successfull
2020-12-14 14:16:21.2065 INFO Validating the User in Login Controller
2020-12-14 14:16:21.2065 INFO Log in successfull
2020-12-14 14:16:31.2081 INFO Validating the User in Login Controller
2020-12-14 14:16:31.2081 INFO Log in successfull
2020-12-14 14:23:01.1071 INFO Validating the User in Login Controller
2020-12-14 14:23:01.8013 INFO Invalid Username or Password
2020-12-14 14:47:42.4400 INFO Validating the User in Login Controller
2020-12-14 14:47:43.3402 INFO Log in successfull
2020-12-14 14:47:57.3347 INFO Inside User Controller
2020-12-14 14:48:22.6031 INFO Adding Data
2020-12-14 14:50:46.4990 INFO Inside User Controller
2020-12-14 14:50:55.9800 INFO Adding Data
2020-12-14 14:51:47.2396 INFO Adding Data
2020-12-14 14:53:37.5669 INFO Adding Data
2020-12-14 14:55:46.8363 INFO Adding Data
2020-12-14 15:06:24.3537 INFO Inside User Controller
2020-12-14 15:06:33.1245 INFO Adding Data
2020-12-14 15:06:33.7160 INFO Response :StatusCode: 201, ReasonPhrase: 'Created', Version: 1.1, Content: System.Net.Http.StreamContent, Headers:
{
  Pragma: no-cache
  X-SourceFiles: =?UTF-8?B?QzpcVXNlcnNcSkVFTCBKQUlOXERlc2t0b3BcR2F0ZXdheUFzc2lnbm1lbnRcU291cmNlIENvbnRyb2wgRmluYWwgQXNzaWdubWVudFxXZWJhcGlzY1xhcGlcVXNlcg==?=
  Cache-Control: no-cache
  Date: Mon, 14 Dec 2020 09:36:33 GMT
  Location: https://localhost:44385/api/User/20
  Server: Microsoft-IIS/10.0
  X-AspNet-Version: 4.0.30319
  X-Powered-By: ASP.NET
  Content-Length: 90
  Content-Type: application/json; charset=utf-8
  Expires: -1
}
2020-12-14 16:34:33.7143 INFO Validating the User in Login Controller
2020-12-14 16:34:33.9936 INFO Log in successfull
2020-12-14 20:01:01.7346 INFO Validating the User in Login Controller
2020-12-14 20:01:02.3546 INFO Log in successfull
2020-12-14 20:12:48.5724 INFO Validating the User in Login Controller
2020-12-14 20:13:03.7904 INFO Log in successfull
2020-12-14 20:13:24.7214 INFO Validating the User in Login Controller
2020-12-14 20:13:39.2652 INFO Invalid Username or Password
2020-12-14 20:14:11.1097 INFO Validating the User in Login Controller
2020-12-14 20:14:11.1207 INFO Invalid Username or Password
2020-12-14 20:14:48.6971 INFO Validating the User in Login Controller
2020-12-14 20:15:03.7644 INFO Invalid Username or Password
2020-12-14 20:18:13.7542 INFO Validating the User in Login Controller
2020-12-14 20:18:28.6908 INFO Invalid Username or Password
